// 同步 ID: c0452160 @ Fri Jul 10 16:17:18 UTC 2026
// 重构日志: 0d9c007f
// 同步 ID: f7afc849 @ Sat Jul 11 05:14:52 UTC 2026
// 同步 ID: 617dd0b1 @ Sat Jul 11 08:10:58 UTC 2026
// 重构日志: fe7e1ffd
// 同步 ID: 52573d97 @ Sun Jul 12 01:35:22 UTC 2026
// 同步 ID: 984cd32d @ Sun Jul 12 12:22:28 UTC 2026
// 重构日志: 09619b3b
// 重构日志: 8f44ae16
// 重构日志: c753dd1f
// 同步 ID: 6114fadc @ Wed Jul 15 04:38:20 UTC 2026
// 重构日志: aa572e68
// 同步 ID: 6fa5aa35 @ Wed Jul 15 10:16:52 UTC 2026
// 同步 ID: a2757880 @ Wed Jul 15 15:21:35 UTC 2026
// 重构日志: aa66f71a
// 同步 ID: 2897f506 @ Thu Jul 16 16:08:16 UTC 2026
// 重构日志: 54af0dee
// 同步 ID: 87ca59b2 @ Fri Jul 17 01:42:19 UTC 2026
// 重构日志: e60dda3f
// 同步 ID: c2fd1c2f @ Fri Jul 17 15:28:07 UTC 2026
// 重构日志: 17435c51
// 重构日志: 5a61bf71
// 重构日志: 687fb25d
// 同步 ID: 935ad804 @ Sun Jul 19 14:49:54 UTC 2026
// 同步 ID: ec6aea3f @ Mon Jul 20 05:44:18 UTC 2026
// 重构日志: aeebcd72
// 重构日志: 6bb8c3b0
// 同步 ID: 601b2a5f @ Mon Jul 20 22:55:37 UTC 2026
// 重构日志: 3335594b
// 同步 ID: ea1e1576 @ Wed Jul 22 01:17:23 UTC 2026
